<?xml version="1.0" encoding="UTF-8"?>
<!-- Generated by org.testng.reporters.JUnitReportReporter -->
<testsuite skipped="0" hostname="DESKTOP-M3A4S0E" name="com.A2_sample_2.google_test" tests="1" failures="0" timestamp="15 Sep 2022 04:07:31 GMT" time="27.979" errors="0">
  <testcase name="googletest" time="27.979" classname="com.A2_sample_2.google_test"/>
</testsuite> <!-- com.A2_sample_2.google_test -->
