<?xml version="1.0" encoding="UTF-8"?>
<!-- Generated by org.testng.reporters.JUnitReportReporter -->
<testsuite skipped="0" hostname="DESKTOP-M3A4S0E" name="com.A1_sample_test.Bing_test" tests="1" failures="0" timestamp="15 Sep 2022 04:07:31 GMT" time="30.874" errors="0">
  <testcase name="validatebing" time="30.874" classname="com.A1_sample_test.Bing_test"/>
</testsuite> <!-- com.A1_sample_test.Bing_test -->
